<?xml version="1.0" encoding="UTF-8"?>
<testsuite xmlns:xsi="http://www.w3.org/2001/XMLSchema-instance" xsi:noNamespaceSchemaLocation="https://maven.apache.org/surefire/maven-surefire-plugin/xsd/surefire-test-report.xsd" name="com.thymeleaf.SpringBootThymeleafApplicationTests" time="8.646" tests="1" errors="0" skipped="0" failures="0">
  <properties>
    <property name="sun.desktop" value="windows"/>
    <property name="awt.toolkit" value="sun.awt.windows.WToolkit"/>
    <property name="file.encoding.pkg" value="sun.io"/>
    <property name="java.specification.version" value="1.8"/>
    <property name="sun.cpu.isalist" value="amd64"/>
    <property name="sun.jnu.encoding" value="GBK"/>
    <property name="java.class.path" value="E:\develop\ideaCode\Microservices\spring-boot-thymeleaf\target\test-classes;E:\develop\ideaCode\Microservices\spring-boot-thymeleaf\target\classes;E:\develop\Maven\repository_boot\org\springframework\boot\spring-boot-starter-thymeleaf\2.3.5.RELEASE\spring-boot-starter-thymeleaf-2.3.5.RELEASE.jar;E:\develop\Maven\repository_boot\org\springframework\boot\spring-boot-starter\2.3.5.RELEASE\spring-boot-starter-2.3.5.RELEASE.jar;E:\develop\Maven\repository_boot\org\springframework\boot\spring-boot-starter-logging\2.3.5.RELEASE\spring-boot-starter-logging-2.3.5.RELEASE.jar;E:\develop\Maven\repository_boot\ch\qos\logback\logback-classic\1.2.3\logback-classic-1.2.3.jar;E:\develop\Maven\repository_boot\ch\qos\logback\logback-core\1.2.3\logback-core-1.2.3.jar;E:\develop\Maven\repository_boot\org\apache\logging\log4j\log4j-to-slf4j\2.13.3\log4j-to-slf4j-2.13.3.jar;E:\develop\Maven\repository_boot\org\apache\logging\log4j\log4j-api\2.13.3\log4j-api-2.13.3.jar;E:\develop\Maven\repository_boot\org\slf4j\jul-to-slf4j\1.7.30\jul-to-slf4j-1.7.30.jar;E:\develop\Maven\repository_boot\jakarta\annotation\jakarta.annotation-api\1.3.5\jakarta.annotation-api-1.3.5.jar;E:\develop\Maven\repository_boot\org\yaml\snakeyaml\1.26\snakeyaml-1.26.jar;E:\develop\Maven\repository_boot\org\thymeleaf\thymeleaf-spring5\3.0.11.RELEASE\thymeleaf-spring5-3.0.11.RELEASE.jar;E:\develop\Maven\repository_boot\org\thymeleaf\thymeleaf\3.0.11.RELEASE\thymeleaf-3.0.11.RELEASE.jar;E:\develop\Maven\repository_boot\org\attoparser\attoparser\2.0.5.RELEASE\attoparser-2.0.5.RELEASE.jar;E:\develop\Maven\repository_boot\org\unbescape\unbescape\1.1.6.RELEASE\unbescape-1.1.6.RELEASE.jar;E:\develop\Maven\repository_boot\org\slf4j\slf4j-api\1.7.30\slf4j-api-1.7.30.jar;E:\develop\Maven\repository_boot\org\thymeleaf\extras\thymeleaf-extras-java8time\3.0.4.RELEASE\thymeleaf-extras-java8time-3.0.4.RELEASE.jar;E:\develop\Maven\repository_boot\org\springframework\boot\spring-boot-starter-web\2.3.5.RELEASE\spring-boot-starter-web-2.3.5.RELEASE.jar;E:\develop\Maven\repository_boot\org\springframework\boot\spring-boot-starter-json\2.3.5.RELEASE\spring-boot-starter-json-2.3.5.RELEASE.jar;E:\develop\Maven\repository_boot\com\fasterxml\jackson\core\jackson-databind\2.11.3\jackson-databind-2.11.3.jar;E:\develop\Maven\repository_boot\com\fasterxml\jackson\core\jackson-annotations\2.11.3\jackson-annotations-2.11.3.jar;E:\develop\Maven\repository_boot\com\fasterxml\jackson\core\jackson-core\2.11.3\jackson-core-2.11.3.jar;E:\develop\Maven\repository_boot\com\fasterxml\jackson\datatype\jackson-datatype-jdk8\2.11.3\jackson-datatype-jdk8-2.11.3.jar;E:\develop\Maven\repository_boot\com\fasterxml\jackson\datatype\jackson-datatype-jsr310\2.11.3\jackson-datatype-jsr310-2.11.3.jar;E:\develop\Maven\repository_boot\com\fasterxml\jackson\module\jackson-module-parameter-names\2.11.3\jackson-module-parameter-names-2.11.3.jar;E:\develop\Maven\repository_boot\org\springframework\boot\spring-boot-starter-tomcat\2.3.5.RELEASE\spring-boot-starter-tomcat-2.3.5.RELEASE.jar;E:\develop\Maven\repository_boot\org\apache\tomcat\embed\tomcat-embed-core\9.0.39\tomcat-embed-core-9.0.39.jar;E:\develop\Maven\repository_boot\org\glassfish\jakarta.el\3.0.3\jakarta.el-3.0.3.jar;E:\develop\Maven\repository_boot\org\apache\tomcat\embed\tomcat-embed-websocket\9.0.39\tomcat-embed-websocket-9.0.39.jar;E:\develop\Maven\repository_boot\org\springframework\spring-web\5.2.10.RELEASE\spring-web-5.2.10.RELEASE.jar;E:\develop\Maven\repository_boot\org\springframework\spring-beans\5.2.10.RELEASE\spring-beans-5.2.10.RELEASE.jar;E:\develop\Maven\repository_boot\org\springframework\spring-webmvc\5.2.10.RELEASE\spring-webmvc-5.2.10.RELEASE.jar;E:\develop\Maven\repository_boot\org\springframework\spring-aop\5.2.10.RELEASE\spring-aop-5.2.10.RELEASE.jar;E:\develop\Maven\repository_boot\org\springframework\spring-context\5.2.10.RELEASE\spring-context-5.2.10.RELEASE.jar;E:\develop\Maven\repository_boot\org\springframework\spring-expression\5.2.10.RELEASE\spring-expression-5.2.10.RELEASE.jar;E:\develop\Maven\repository_boot\org\springframework\boot\spring-boot-devtools\2.3.5.RELEASE\spring-boot-devtools-2.3.5.RELEASE.jar;E:\develop\Maven\repository_boot\org\springframework\boot\spring-boot\2.3.5.RELEASE\spring-boot-2.3.5.RELEASE.jar;E:\develop\Maven\repository_boot\org\springframework\boot\spring-boot-autoconfigure\2.3.5.RELEASE\spring-boot-autoconfigure-2.3.5.RELEASE.jar;E:\develop\Maven\repository_boot\org\springframework\boot\spring-boot-configuration-processor\2.3.5.RELEASE\spring-boot-configuration-processor-2.3.5.RELEASE.jar;E:\develop\Maven\repository_boot\org\projectlombok\lombok\1.18.16\lombok-1.18.16.jar;E:\develop\Maven\repository_boot\org\springframework\boot\spring-boot-starter-test\2.3.5.RELEASE\spring-boot-starter-test-2.3.5.RELEASE.jar;E:\develop\Maven\repository_boot\org\springframework\boot\spring-boot-test\2.3.5.RELEASE\spring-boot-test-2.3.5.RELEASE.jar;E:\develop\Maven\repository_boot\org\springframework\boot\spring-boot-test-autoconfigure\2.3.5.RELEASE\spring-boot-test-autoconfigure-2.3.5.RELEASE.jar;E:\develop\Maven\repository_boot\com\jayway\jsonpath\json-path\2.4.0\json-path-2.4.0.jar;E:\develop\Maven\repository_boot\net\minidev\json-smart\2.3\json-smart-2.3.jar;E:\develop\Maven\repository_boot\net\minidev\accessors-smart\1.2\accessors-smart-1.2.jar;E:\develop\Maven\repository_boot\org\ow2\asm\asm\5.0.4\asm-5.0.4.jar;E:\develop\Maven\repository_boot\jakarta\xml\bind\jakarta.xml.bind-api\2.3.3\jakarta.xml.bind-api-2.3.3.jar;E:\develop\Maven\repository_boot\jakarta\activation\jakarta.activation-api\1.2.2\jakarta.activation-api-1.2.2.jar;E:\develop\Maven\repository_boot\org\assertj\assertj-core\3.16.1\assertj-core-3.16.1.jar;E:\develop\Maven\repository_boot\org\hamcrest\hamcrest\2.2\hamcrest-2.2.jar;E:\develop\Maven\repository_boot\org\junit\jupiter\junit-jupiter\5.6.3\junit-jupiter-5.6.3.jar;E:\develop\Maven\repository_boot\org\junit\jupiter\junit-jupiter-api\5.6.3\junit-jupiter-api-5.6.3.jar;E:\develop\Maven\repository_boot\org\apiguardian\apiguardian-api\1.1.0\apiguardian-api-1.1.0.jar;E:\develop\Maven\repository_boot\org\opentest4j\opentest4j\1.2.0\opentest4j-1.2.0.jar;E:\develop\Maven\repository_boot\org\junit\platform\junit-platform-commons\1.6.3\junit-platform-commons-1.6.3.jar;E:\develop\Maven\repository_boot\org\junit\jupiter\junit-jupiter-params\5.6.3\junit-jupiter-params-5.6.3.jar;E:\develop\Maven\repository_boot\org\junit\jupiter\junit-jupiter-engine\5.6.3\junit-jupiter-engine-5.6.3.jar;E:\develop\Maven\repository_boot\org\junit\platform\junit-platform-engine\1.6.3\junit-platform-engine-1.6.3.jar;E:\develop\Maven\repository_boot\org\mockito\mockito-core\3.3.3\mockito-core-3.3.3.jar;E:\develop\Maven\repository_boot\net\bytebuddy\byte-buddy\1.10.17\byte-buddy-1.10.17.jar;E:\develop\Maven\repository_boot\net\bytebuddy\byte-buddy-agent\1.10.17\byte-buddy-agent-1.10.17.jar;E:\develop\Maven\repository_boot\org\objenesis\objenesis\2.6\objenesis-2.6.jar;E:\develop\Maven\repository_boot\org\mockito\mockito-junit-jupiter\3.3.3\mockito-junit-jupiter-3.3.3.jar;E:\develop\Maven\repository_boot\org\skyscreamer\jsonassert\1.5.0\jsonassert-1.5.0.jar;E:\develop\Maven\repository_boot\com\vaadin\external\google\android-json\0.0.20131108.vaadin1\android-json-0.0.20131108.vaadin1.jar;E:\develop\Maven\repository_boot\org\springframework\spring-core\5.2.10.RELEASE\spring-core-5.2.10.RELEASE.jar;E:\develop\Maven\repository_boot\org\springframework\spring-jcl\5.2.10.RELEASE\spring-jcl-5.2.10.RELEASE.jar;E:\develop\Maven\repository_boot\org\springframework\spring-test\5.2.10.RELEASE\spring-test-5.2.10.RELEASE.jar;E:\develop\Maven\repository_boot\org\xmlunit\xmlunit-core\2.7.0\xmlunit-core-2.7.0.jar;"/>
    <property name="java.vm.vendor" value="Oracle Corporation"/>
    <property name="sun.arch.data.model" value="64"/>
    <property name="user.variant" value=""/>
    <property name="java.vendor.url" value="http://java.oracle.com/"/>
    <property name="user.timezone" value="Asia/Shanghai"/>
    <property name="java.vm.specification.version" value="1.8"/>
    <property name="os.name" value="Windows 10"/>
    <property name="user.country" value="CN"/>
    <property name="sun.java.launcher" value="SUN_STANDARD"/>
    <property name="sun.boot.library.path" value="E:\develop\Java\jdk1.8.0_192\jre\bin"/>
    <property name="sun.java.command" value="C:\Users\ADMINI~1\AppData\Local\Temp\surefire5271471337546645330\surefirebooter3540172237160794129.jar C:\Users\Administrator\AppData\Local\Temp\surefire5271471337546645330 2020-10-30T10-20-44_242-jvmRun1 surefire4788399506004825891tmp surefire_02785149157557687502tmp"/>
    <property name="surefire.test.class.path" value="E:\develop\ideaCode\Microservices\spring-boot-thymeleaf\target\test-classes;E:\develop\ideaCode\Microservices\spring-boot-thymeleaf\target\classes;E:\develop\Maven\repository_boot\org\springframework\boot\spring-boot-starter-thymeleaf\2.3.5.RELEASE\spring-boot-starter-thymeleaf-2.3.5.RELEASE.jar;E:\develop\Maven\repository_boot\org\springframework\boot\spring-boot-starter\2.3.5.RELEASE\spring-boot-starter-2.3.5.RELEASE.jar;E:\develop\Maven\repository_boot\org\springframework\boot\spring-boot-starter-logging\2.3.5.RELEASE\spring-boot-starter-logging-2.3.5.RELEASE.jar;E:\develop\Maven\repository_boot\ch\qos\logback\logback-classic\1.2.3\logback-classic-1.2.3.jar;E:\develop\Maven\repository_boot\ch\qos\logback\logback-core\1.2.3\logback-core-1.2.3.jar;E:\develop\Maven\repository_boot\org\apache\logging\log4j\log4j-to-slf4j\2.13.3\log4j-to-slf4j-2.13.3.jar;E:\develop\Maven\repository_boot\org\apache\logging\log4j\log4j-api\2.13.3\log4j-api-2.13.3.jar;E:\develop\Maven\repository_boot\org\slf4j\jul-to-slf4j\1.7.30\jul-to-slf4j-1.7.30.jar;E:\develop\Maven\repository_boot\jakarta\annotation\jakarta.annotation-api\1.3.5\jakarta.annotation-api-1.3.5.jar;E:\develop\Maven\repository_boot\org\yaml\snakeyaml\1.26\snakeyaml-1.26.jar;E:\develop\Maven\repository_boot\org\thymeleaf\thymeleaf-spring5\3.0.11.RELEASE\thymeleaf-spring5-3.0.11.RELEASE.jar;E:\develop\Maven\repository_boot\org\thymeleaf\thymeleaf\3.0.11.RELEASE\thymeleaf-3.0.11.RELEASE.jar;E:\develop\Maven\repository_boot\org\attoparser\attoparser\2.0.5.RELEASE\attoparser-2.0.5.RELEASE.jar;E:\develop\Maven\repository_boot\org\unbescape\unbescape\1.1.6.RELEASE\unbescape-1.1.6.RELEASE.jar;E:\develop\Maven\repository_boot\org\slf4j\slf4j-api\1.7.30\slf4j-api-1.7.30.jar;E:\develop\Maven\repository_boot\org\thymeleaf\extras\thymeleaf-extras-java8time\3.0.4.RELEASE\thymeleaf-extras-java8time-3.0.4.RELEASE.jar;E:\develop\Maven\repository_boot\org\springframework\boot\spring-boot-starter-web\2.3.5.RELEASE\spring-boot-starter-web-2.3.5.RELEASE.jar;E:\develop\Maven\repository_boot\org\springframework\boot\spring-boot-starter-json\2.3.5.RELEASE\spring-boot-starter-json-2.3.5.RELEASE.jar;E:\develop\Maven\repository_boot\com\fasterxml\jackson\core\jackson-databind\2.11.3\jackson-databind-2.11.3.jar;E:\develop\Maven\repository_boot\com\fasterxml\jackson\core\jackson-annotations\2.11.3\jackson-annotations-2.11.3.jar;E:\develop\Maven\repository_boot\com\fasterxml\jackson\core\jackson-core\2.11.3\jackson-core-2.11.3.jar;E:\develop\Maven\repository_boot\com\fasterxml\jackson\datatype\jackson-datatype-jdk8\2.11.3\jackson-datatype-jdk8-2.11.3.jar;E:\develop\Maven\repository_boot\com\fasterxml\jackson\datatype\jackson-datatype-jsr310\2.11.3\jackson-datatype-jsr310-2.11.3.jar;E:\develop\Maven\repository_boot\com\fasterxml\jackson\module\jackson-module-parameter-names\2.11.3\jackson-module-parameter-names-2.11.3.jar;E:\develop\Maven\repository_boot\org\springframework\boot\spring-boot-starter-tomcat\2.3.5.RELEASE\spring-boot-starter-tomcat-2.3.5.RELEASE.jar;E:\develop\Maven\repository_boot\org\apache\tomcat\embed\tomcat-embed-core\9.0.39\tomcat-embed-core-9.0.39.jar;E:\develop\Maven\repository_boot\org\glassfish\jakarta.el\3.0.3\jakarta.el-3.0.3.jar;E:\develop\Maven\repository_boot\org\apache\tomcat\embed\tomcat-embed-websocket\9.0.39\tomcat-embed-websocket-9.0.39.jar;E:\develop\Maven\repository_boot\org\springframework\spring-web\5.2.10.RELEASE\spring-web-5.2.10.RELEASE.jar;E:\develop\Maven\repository_boot\org\springframework\spring-beans\5.2.10.RELEASE\spring-beans-5.2.10.RELEASE.jar;E:\develop\Maven\repository_boot\org\springframework\spring-webmvc\5.2.10.RELEASE\spring-webmvc-5.2.10.RELEASE.jar;E:\develop\Maven\repository_boot\org\springframework\spring-aop\5.2.10.RELEASE\spring-aop-5.2.10.RELEASE.jar;E:\develop\Maven\repository_boot\org\springframework\spring-context\5.2.10.RELEASE\spring-context-5.2.10.RELEASE.jar;E:\develop\Maven\repository_boot\org\springframework\spring-expression\5.2.10.RELEASE\spring-expression-5.2.10.RELEASE.jar;E:\develop\Maven\repository_boot\org\springframework\boot\spring-boot-devtools\2.3.5.RELEASE\spring-boot-devtools-2.3.5.RELEASE.jar;E:\develop\Maven\repository_boot\org\springframework\boot\spring-boot\2.3.5.RELEASE\spring-boot-2.3.5.RELEASE.jar;E:\develop\Maven\repository_boot\org\springframework\boot\spring-boot-autoconfigure\2.3.5.RELEASE\spring-boot-autoconfigure-2.3.5.RELEASE.jar;E:\develop\Maven\repository_boot\org\springframework\boot\spring-boot-configuration-processor\2.3.5.RELEASE\spring-boot-configuration-processor-2.3.5.RELEASE.jar;E:\develop\Maven\repository_boot\org\projectlombok\lombok\1.18.16\lombok-1.18.16.jar;E:\develop\Maven\repository_boot\org\springframework\boot\spring-boot-starter-test\2.3.5.RELEASE\spring-boot-starter-test-2.3.5.RELEASE.jar;E:\develop\Maven\repository_boot\org\springframework\boot\spring-boot-test\2.3.5.RELEASE\spring-boot-test-2.3.5.RELEASE.jar;E:\develop\Maven\repository_boot\org\springframework\boot\spring-boot-test-autoconfigure\2.3.5.RELEASE\spring-boot-test-autoconfigure-2.3.5.RELEASE.jar;E:\develop\Maven\repository_boot\com\jayway\jsonpath\json-path\2.4.0\json-path-2.4.0.jar;E:\develop\Maven\repository_boot\net\minidev\json-smart\2.3\json-smart-2.3.jar;E:\develop\Maven\repository_boot\net\minidev\accessors-smart\1.2\accessors-smart-1.2.jar;E:\develop\Maven\repository_boot\org\ow2\asm\asm\5.0.4\asm-5.0.4.jar;E:\develop\Maven\repository_boot\jakarta\xml\bind\jakarta.xml.bind-api\2.3.3\jakarta.xml.bind-api-2.3.3.jar;E:\develop\Maven\repository_boot\jakarta\activation\jakarta.activation-api\1.2.2\jakarta.activation-api-1.2.2.jar;E:\develop\Maven\repository_boot\org\assertj\assertj-core\3.16.1\assertj-core-3.16.1.jar;E:\develop\Maven\repository_boot\org\hamcrest\hamcrest\2.2\hamcrest-2.2.jar;E:\develop\Maven\repository_boot\org\junit\jupiter\junit-jupiter\5.6.3\junit-jupiter-5.6.3.jar;E:\develop\Maven\repository_boot\org\junit\jupiter\junit-jupiter-api\5.6.3\junit-jupiter-api-5.6.3.jar;E:\develop\Maven\repository_boot\org\apiguardian\apiguardian-api\1.1.0\apiguardian-api-1.1.0.jar;E:\develop\Maven\repository_boot\org\opentest4j\opentest4j\1.2.0\opentest4j-1.2.0.jar;E:\develop\Maven\repository_boot\org\junit\platform\junit-platform-commons\1.6.3\junit-platform-commons-1.6.3.jar;E:\develop\Maven\repository_boot\org\junit\jupiter\junit-jupiter-params\5.6.3\junit-jupiter-params-5.6.3.jar;E:\develop\Maven\repository_boot\org\junit\jupiter\junit-jupiter-engine\5.6.3\junit-jupiter-engine-5.6.3.jar;E:\develop\Maven\repository_boot\org\junit\platform\junit-platform-engine\1.6.3\junit-platform-engine-1.6.3.jar;E:\develop\Maven\repository_boot\org\mockito\mockito-core\3.3.3\mockito-core-3.3.3.jar;E:\develop\Maven\repository_boot\net\bytebuddy\byte-buddy\1.10.17\byte-buddy-1.10.17.jar;E:\develop\Maven\repository_boot\net\bytebuddy\byte-buddy-agent\1.10.17\byte-buddy-agent-1.10.17.jar;E:\develop\Maven\repository_boot\org\objenesis\objenesis\2.6\objenesis-2.6.jar;E:\develop\Maven\repository_boot\org\mockito\mockito-junit-jupiter\3.3.3\mockito-junit-jupiter-3.3.3.jar;E:\develop\Maven\repository_boot\org\skyscreamer\jsonassert\1.5.0\jsonassert-1.5.0.jar;E:\develop\Maven\repository_boot\com\vaadin\external\google\android-json\0.0.20131108.vaadin1\android-json-0.0.20131108.vaadin1.jar;E:\develop\Maven\repository_boot\org\springframework\spring-core\5.2.10.RELEASE\spring-core-5.2.10.RELEASE.jar;E:\develop\Maven\repository_boot\org\springframework\spring-jcl\5.2.10.RELEASE\spring-jcl-5.2.10.RELEASE.jar;E:\develop\Maven\repository_boot\org\springframework\spring-test\5.2.10.RELEASE\spring-test-5.2.10.RELEASE.jar;E:\develop\Maven\repository_boot\org\xmlunit\xmlunit-core\2.7.0\xmlunit-core-2.7.0.jar;"/>
    <property name="sun.cpu.endian" value="little"/>
    <property name="user.home" value="C:\Users\Administrator"/>
    <property name="user.language" value="zh"/>
    <property name="java.specification.vendor" value="Oracle Corporation"/>
    <property name="java.home" value="E:\develop\Java\jdk1.8.0_192\jre"/>
    <property name="basedir" value="E:\develop\ideaCode\Microservices\spring-boot-thymeleaf"/>
    <property name="file.separator" value="\"/>
    <property name="line.separator" value="&#10;"/>
    <property name="java.vm.specification.vendor" value="Oracle Corporation"/>
    <property name="java.specification.name" value="Java Platform API Specification"/>
    <property name="java.awt.graphicsenv" value="sun.awt.Win32GraphicsEnvironment"/>
    <property name="surefire.real.class.path" value="C:\Users\ADMINI~1\AppData\Local\Temp\surefire5271471337546645330\surefirebooter3540172237160794129.jar"/>
    <property name="sun.boot.class.path" value="E:\develop\Java\jdk1.8.0_192\jre\lib\resources.jar;E:\develop\Java\jdk1.8.0_192\jre\lib\rt.jar;E:\develop\Java\jdk1.8.0_192\jre\lib\sunrsasign.jar;E:\develop\Java\jdk1.8.0_192\jre\lib\jsse.jar;E:\develop\Java\jdk1.8.0_192\jre\lib\jce.jar;E:\develop\Java\jdk1.8.0_192\jre\lib\charsets.jar;E:\develop\Java\jdk1.8.0_192\jre\lib\jfr.jar;E:\develop\Java\jdk1.8.0_192\jre\classes"/>
    <property name="user.script" value=""/>
    <property name="sun.management.compiler" value="HotSpot 64-Bit Tiered Compilers"/>
    <property name="java.runtime.version" value="1.8.0_192-b12"/>
    <property name="user.name" value="Administrator"/>
    <property name="path.separator" value=";"/>
    <property name="os.version" value="10.0"/>
    <property name="java.endorsed.dirs" value="E:\develop\Java\jdk1.8.0_192\jre\lib\endorsed"/>
    <property name="java.runtime.name" value="Java(TM) SE Runtime Environment"/>
    <property name="file.encoding" value="GBK"/>
    <property name="java.vm.name" value="Java HotSpot(TM) 64-Bit Server VM"/>
    <property name="localRepository" value="E:\develop\Maven\repository_boot"/>
    <property name="java.vendor.url.bug" value="http://bugreport.sun.com/bugreport/"/>
    <property name="java.io.tmpdir" value="C:\Users\ADMINI~1\AppData\Local\Temp\"/>
    <property name="java.version" value="1.8.0_192"/>
    <property name="user.dir" value="E:\develop\ideaCode\Microservices\spring-boot-thymeleaf"/>
    <property name="os.arch" value="amd64"/>
    <property name="java.vm.specification.name" value="Java Virtual Machine Specification"/>
    <property name="java.awt.printerjob" value="sun.awt.windows.WPrinterJob"/>
    <property name="sun.os.patch.level" value=""/>
    <property name="java.library.path" value="E:\develop\Java\jdk1.8.0_192\jre\bin;C:\WINDOWS\Sun\Java\bin;C:\WINDOWS\system32;C:\WINDOWS;E:\develop\Java\jdk1.8.0_192\bin;E:\develop\Maven\apache-maven-3.5.2\bin;E:\develop\erl10.4\bin;C:\WINDOWS\system32;C:\WINDOWS;C:\WINDOWS\System32\Wbem;C:\WINDOWS\System32\WindowsPowerShell\v1.0\;C:\WINDOWS\System32\OpenSSH\;E:\develop\MySQL\MySQL Server 5.5\bin;E:\develop\Git\cmd;E:\develop\TortoiseGit\bin;E:\develop\VisualSVN Server\bin;E:\develop\TortoiseSVN\bin;E:\develop\nodejs\;C:\Users\Administrator\AppData\Local\Microsoft\WindowsApps;C:\Users\Administrator\AppData\Roaming\npm;."/>
    <property name="java.vm.info" value="mixed mode"/>
    <property name="java.vendor" value="Oracle Corporation"/>
    <property name="java.vm.version" value="25.192-b12"/>
    <property name="idea.version2019.3" value="true"/>
    <property name="java.ext.dirs" value="E:\develop\Java\jdk1.8.0_192\jre\lib\ext;C:\WINDOWS\Sun\Java\lib\ext"/>
    <property name="sun.io.unicode.encoding" value="UnicodeLittle"/>
    <property name="maven.repo.local" value="E:\develop\Maven\repository_boot"/>
    <property name="java.class.version" value="52.0"/>
  </properties>
  <testcase name="contextLoads" classname="com.thymeleaf.SpringBootThymeleafApplicationTests" time="0.513"/>
</testsuite>